SF:lib\main.dart
DA:7,0
DA:8,0
DA:9,0
DA:10,0
DA:12,0
DA:13,0
DA:17,3
DA:19,1
DA:21,1
DA:24,1
DA:31,4
DA:33,1
DA:35,1
DA:36,1
DA:40,1
LF:15
LH:9
end_of_record
SF:lib\facility_page.dart
DA:14,0
DA:16,0
DA:17,0
DA:21,0
DA:25,0
DA:26,0
DA:45,0
DA:46,0
DA:47,0
DA:49,0
DA:50,0
DA:51,0
DA:53,0
DA:56,0
DA:57,0
DA:58,0
DA:62,0
DA:63,0
DA:71,0
DA:90,0
DA:91,0
DA:92,0
DA:94,0
DA:95,0
DA:96,0
DA:97,0
DA:104,0
DA:105,0
DA:106,0
DA:117,0
DA:118,0
DA:119,0
DA:126,0
DA:127,0
DA:128,0
DA:139,0
DA:160,0
DA:161,0
DA:162,0
DA:163,0
DA:165,0
DA:166,0
LF:42
LH:0
end_of_record
SF:lib\models\data_service.dart
DA:8,0
DA:10,0
DA:11,0
DA:12,0
DA:13,0
DA:14,0
DA:16,0
DA:17,0
DA:18,0
DA:19,0
DA:20,0
DA:21,0
DA:24,0
DA:26,0
DA:28,0
DA:32,0
DA:33,0
DA:34,0
LF:18
LH:0
end_of_record
SF:lib\navigation.dart
DA:18,10
DA:20,1
DA:21,1
DA:26,1
DA:28,1
DA:29,3
DA:32,1
DA:33,1
DA:34,1
DA:37,1
DA:38,3
DA:44,1
DA:45,5
DA:46,1
DA:47,0
DA:48,0
DA:49,0
DA:50,0
DA:55,1
DA:56,4
DA:58,1
DA:59,1
DA:60,1
DA:62,1
DA:64,3
DA:69,1
DA:72,2
DA:73,3
DA:87,1
DA:88,5
DA:89,1
DA:90,0
DA:91,0
DA:92,0
DA:93,0
DA:98,1
DA:99,4
DA:101,1
DA:102,1
DA:103,1
DA:105,1
DA:107,3
DA:112,1
DA:115,2
DA:116,3
DA:130,1
DA:131,5
DA:132,1
DA:133,1
DA:134,3
DA:135,2
DA:136,1
DA:141,1
DA:142,4
DA:144,1
DA:145,1
DA:146,1
DA:148,1
DA:150,3
DA:155,1
DA:158,2
DA:159,3
DA:173,1
DA:175,1
DA:176,0
DA:177,0
DA:178,0
DA:179,0
DA:184,1
DA:185,4
DA:187,1
DA:188,1
DA:189,1
DA:191,1
DA:193,3
DA:198,1
DA:201,2
DA:202,3
LF:78
LH:66
end_of_record
SF:lib\models\facility.dart
DA:19,0
DA:30,0
DA:31,0
DA:33,0
DA:34,0
DA:38,0
DA:45,0
DA:52,0
DA:55,0
DA:63,0
DA:66,0
DA:72,0
DA:73,0
DA:74,0
DA:75,0
DA:78,0
LF:16
LH:0
end_of_record
SF:lib\favourites.dart
DA:9,2
DA:11,0
DA:13,0
DA:14,0
DA:18,0
LF:5
LH:1
end_of_record
SF:lib\firebase_options.dart
DA:18,0
DA:20,0
DA:25,0
DA:26,0
DA:28,0
DA:30,0
DA:31,0
DA:35,0
DA:36,0
DA:40,0
DA:41,0
DA:46,0
LF:12
LH:0
end_of_record
SF:lib\google_maps\google_maps.dart
DA:17,1
DA:19,0
DA:20,0
DA:23,2
DA:24,2
DA:26,4
DA:27,4
DA:29,3
DA:30,0
DA:31,0
DA:33,5
DA:34,5
DA:35,1
DA:37,5
DA:38,3
DA:41,1
DA:44,0
DA:45,0
DA:46,0
DA:47,0
DA:50,0
DA:51,0
DA:52,0
DA:53,0
DA:54,0
DA:57,0
DA:64,0
DA:65,0
DA:66,0
DA:67,0
DA:79,1
DA:80,1
DA:81,1
DA:82,5
DA:86,1
DA:87,2
DA:88,3
DA:89,5
DA:90,7
DA:92,5
DA:93,7
DA:99,0
DA:103,0
DA:105,0
DA:109,0
DA:110,0
DA:111,0
DA:112,0
DA:113,0
DA:118,0
DA:119,0
LF:51
LH:23
end_of_record
SF:lib\models\tag.dart
DA:5,0
DA:10,0
DA:12,0
LF:3
LH:0
end_of_record
SF:lib\models\review.dart
DA:5,0
LF:1
LH:0
end_of_record
SF:lib\profile.dart
DA:9,2
DA:11,0
DA:13,0
DA:14,0
DA:18,0
LF:5
LH:1
end_of_record
SF:lib\search_page.dart
DA:17,2
DA:19,1
DA:21,1
DA:22,1
DA:24,1
DA:26,1
DA:27,2
DA:29,1
DA:30,0
DA:31,0
DA:33,0
DA:47,0
DA:48,0
DA:50,0
DA:54,0
DA:59,1
DA:61,1
DA:62,1
DA:63,0
DA:64,0
DA:70,1
DA:72,1
DA:73,0
DA:74,0
DA:79,1
DA:81,1
DA:83,1
DA:84,0
DA:85,0
DA:89,1
DA:90,2
DA:91,1
DA:92,1
DA:93,1
DA:94,1
DA:95,1
DA:96,0
DA:97,0
DA:101,0
DA:102,0
DA:103,0
DA:110,1
DA:113,3
DA:114,0
DA:115,0
DA:116,0
DA:117,0
DA:124,2
DA:125,1
DA:127,1
DA:128,2
DA:130,1
DA:131,4
DA:133,0
DA:134,0
DA:135,0
DA:136,0
DA:138,0
DA:139,0
DA:140,0
DA:141,0
DA:142,0
DA:143,0
DA:146,0
DA:147,0
DA:148,0
DA:149,0
DA:152,0
DA:159,0
DA:160,0
DA:161,0
DA:162,0
DA:191,0
DA:196,0
DA:198,0
DA:199,0
DA:203,0
DA:206,0
DA:208,0
DA:209,0
DA:210,0
DA:211,0
DA:216,0
DA:218,0
DA:220,0
DA:221,0
DA:224,0
DA:225,0
DA:227,0
LF:89
LH:31
end_of_record
SF:lib\tools\location.dart
DA:3,0
DA:8,0
DA:10,0
DA:16,0
DA:17,0
DA:18,0
DA:19,0
DA:24,0
LF:8
LH:0
end_of_record
SF:lib\tools\geocoding.dart
DA:3,0
DA:5,0
DA:7,0
DA:8,0
DA:9,0
DA:13,0
LF:6
LH:0
end_of_record
